C51 COMPILER V9.59.0.0   BSP_LED                                                           12/07/2018 13:34:10 PAGE 1   


C51 COMPILER V9.59.0.0, COMPILATION OF MODULE BSP_LED
OBJECT MODULE PLACED IN .\Objects\bsp_led.obj
COMPILER INVOKED BY: E:\MDK\C51\BIN\C51.EXE ..\bsp\bsp_led.c OPTIMIZE(8,SPEED) BROWSE INCDIR(..\bsp;..\lib;..\TimeOut;..
                    -\user) DEBUG OBJECTEXTEND PRINT(.\Listings\bsp_led.lst) OBJECT(.\Objects\bsp_led.obj)

line level    source

   1          #include "bsp_led.h"
   2          
   3          
   4          LED_PARA_t Led_Para[LED_NUM];
   5          
   6          
   7          static unsigned char Led_Init(unsigned char id)
   8          {
   9   1          if(id > LED_NUM)
  10   1          {
  11   2             return 1;
  12   2          }
  13   1              if(0 == id)
  14   1              {
  15   2                P5CON |= 0X01;
  16   2                P5PH  &= ~0X01;
  17   2                LED1_SET(1);
  18   2              }
  19   1              else if(1 == id)
  20   1          {
  21   2            P5CON |= 0X02;
  22   2                P5PH  &= ~0X02;
  23   2                LED2_SET(1);
  24   2          }
  25   1              return 0;
  26   1      }
  27          
  28          static unsigned char Led_App_Init(LED_PARA_t *P)
  29          {
  30   1        static unsigned char Led_Init(unsigned char ID);
  31   1        return  Led_Init(P->ID);
  32   1      }
  33          
  34          unsigned char Led_App_Handle(unsigned char sum)
  35          {
  36   1          static unsigned char i;
  37   1              if(sum > LED_NUM)
  38   1                      return 1;
  39   1              for(i = 0;i < sum;i ++)
  40   1              {
  41   2                 Led_Para[i].ID = i;
  42   2                 Led_App_Init(&Led_Para[i]);
  43   2              }
  44   1              if(i != sum)
  45   1              {
  46   2                  return 1;
  47   2              }
  48   1              else
  49   1              {
  50   2                  return 0;
  51   2              }
  52   1      }
  53          
  54          
C51 COMPILER V9.59.0.0   BSP_LED                                                           12/07/2018 13:34:10 PAGE 2   

  55          
  56          
  57          
  58          
  59          
  60          
  61          
  62          


MODULE INFORMATION:   STATIC OVERLAYABLE
   CODE SIZE        =    112    ----
   CONSTANT SIZE    =   ----    ----
   XDATA SIZE       =   ----    ----
   PDATA SIZE       =   ----    ----
   DATA SIZE        =      3       1
   IDATA SIZE       =   ----    ----
   BIT SIZE         =   ----    ----
END OF MODULE INFORMATION.


C51 COMPILATION COMPLETE.  0 WARNING(S),  0 ERROR(S)
