C51 COMPILER V9.59.0.0   EEPROM                                                            12/07/2018 15:35:36 PAGE 1   


C51 COMPILER V9.59.0.0, COMPILATION OF MODULE EEPROM
OBJECT MODULE PLACED IN .\Objects\eeprom.obj
COMPILER INVOKED BY: E:\MDK\C51\BIN\C51.EXE ..\bsp\eeprom.c OPTIMIZE(8,SPEED) BROWSE INCDIR(..\bsp;..\lib;..\TimeOut;..\
                    -user) DEBUG OBJECTEXTEND PRINT(.\Listings\eeprom.lst) OBJECT(.\Objects\eeprom.obj)

line level    source

   1          #include "eeprom.h"
   2          
   3          unsigned char code eep_flag[1]={0x12};
   4          
   5          void eeprom_init(void)//EEPROM初始化
   6          {
   7   1              if(eep_flag[0]==0x00)//判断是否第1次上电
   8   1              {
   9   2                      eeprom_erase();//如果是第1次上电，清除EEPROM
  10   2                      rom_write( 0xFF, (unsigned int)(eep_flag));     
  11   2              }
  12   1              if(eep_flag[0]==0x00)//判断是否第1次上电
  13   1              {
  14   2                      eeprom_erase();//如果是第1次上电，清除EEPROM
  15   2                      rom_write( 0xFF, (unsigned int)(eep_flag));     
  16   2              }       
  17   1      }
  18          
  19          /*****************************************************************************************
  20           * ROM写数据程序
  21           * 参数1：要写入的地址
  22           * 参数2：要写入的数据
  23           */
  24          void rom_write(unsigned char eep_dat,unsigned int eep_add)
  25          {       
  26   1              OPINX  = 0xC2;
  27   1              OPREG |= _b00001100;    
  28   1              
  29   1              IAPDAT=eep_dat;         
  30   1              IAPADH=eep_add/0x100;           
  31   1              IAPADL=eep_add%0x100;           
  32   1              IAPKEY=0xF0;            
  33   1                                                                                                      
  34   1              IAPCTL=0x0A;            
  35   1              _nop_();                        
  36   1              _nop_();        
  37   1              _nop_();
  38   1              _nop_();
  39   1              
  40   1              OPINX  = 0xC2;
  41   1              OPREG &= ~_b00001100;                                   
  42   1      }
  43          /*****************************************************************************************
  44           * ROM读数据程序
  45           * 参数1：要读取的地址
  46           * 返回值：读取到的数据
  47           */
  48          unsigned char rom_read(unsigned int eep_add)
  49          {
  50   1              unsigned char eep_dat;
  51   1              unsigned int code *POINT=0x0000;
  52   1              
  53   1              eep_dat=*(POINT+eep_add);       
  54   1                      
C51 COMPILER V9.59.0.0   EEPROM                                                            12/07/2018 15:35:36 PAGE 2   

  55   1              return eep_dat; 
  56   1      }
  57          /*****************************************************************************************
  58           * EEPROM写数据程序
  59           * 参数1：要写入的地址
  60           * 参数2：要写入的数据
  61           */
  62          void eeprom_write(unsigned char eep_dat,unsigned char eep_add)
  63          {
  64   1              EA=0;                           
  65   1              IAPADE=0x02;            
  66   1              IAPDAT=eep_dat;         
  67   1              IAPADH=0x00;            
  68   1              IAPADL=eep_add;         
  69   1              IAPKEY=0xF0;            
  70   1                                                                                                      
  71   1              IAPCTL=0x0A;            
  72   1              _nop_();                        
  73   1              _nop_();        
  74   1              _nop_();
  75   1              _nop_();
  76   1              
  77   1              IAPADE=0x00;            
  78   1              EA=1;                           
  79   1      }
  80          
  81          
  82          
  83          /*****************************************************************************************
  84           * EEPROM读数据程序
  85           * 参数1：要读取的地址
  86           * 返回值：读取到的数据
  87           */
  88          unsigned char eeprom_read(unsigned char eep_add)
  89          {
  90   1              unsigned char eep_dat;
  91   1              unsigned char code *POINT=0x0000;
  92   1              
  93   1              EA=0;                   
  94   1              IAPADE= 0x02;   
  95   1              eep_dat=*(POINT+eep_add);       
  96   1              IAPADE= 0x00;   
  97   1              EA=1;                   
  98   1              return eep_dat; 
  99   1      }
 100          
 101          /*****************************************************************************************
 102           * EEPROM数据全擦除
 103           *  
 104           *  
 105           */
 106          void eeprom_erase(void)
 107          {
 108   1              unsigned char eep_add;
 109   1              for(eep_add=0;eep_add<128;eep_add++)
 110   1              {
 111   2                      eeprom_write(0x00,eep_add);
 112   2              }
 113   1      }
 114          
 115          

C51 COMPILER V9.59.0.0   EEPROM                                                            12/07/2018 15:35:36 PAGE 3   


MODULE INFORMATION:   STATIC OVERLAYABLE
   CODE SIZE        =    157    ----
   CONSTANT SIZE    =      1    ----
   XDATA SIZE       =   ----    ----
   PDATA SIZE       =   ----    ----
   DATA SIZE        =   ----    ----
   IDATA SIZE       =   ----    ----
   BIT SIZE         =   ----    ----
END OF MODULE INFORMATION.


C51 COMPILATION COMPLETE.  0 WARNING(S),  0 ERROR(S)
