C51 COMPILER V9.59.0.0   SYSTEM                                                            12/07/2018 15:38:15 PAGE 1   


C51 COMPILER V9.59.0.0, COMPILATION OF MODULE SYSTEM
OBJECT MODULE PLACED IN .\Objects\system.obj
COMPILER INVOKED BY: E:\MDK\C51\BIN\C51.EXE ..\user\system.c OPTIMIZE(8,SPEED) BROWSE INCDIR(..\bsp;..\lib;..\TimeOut;..
                    -\user) DEBUG OBJECTEXTEND PRINT(.\Listings\system.lst) OBJECT(.\Objects\system.obj)

line level    source

   1          #include "system.h"
   2          
   3          TIMEOUT_PARA TimeOut_Para[2];
   4          unsigned char Value;
   5          
   6          
   7          void System_Init(void)
   8          {
   9   1        TimeOutDet_Init();
  10   1        Led_App_Handle(LED_NUM);
  11   1        eeprom_init();
  12   1        
  13   1      }
  14          
  15          
  16          void System_Handle(void)
  17          {
  18   1         #if 1
  19   1         if(TimeOutDet_Check(&TimeOut_Para[0]))
  20   1         {
  21   2           TimeOut_Record(&TimeOut_Para[0],1000);  
  22   2         }
  23   1         eeprom_write(0x02,0xff);
  24   1         Value = eeprom_read(0xff);
  25   1         if(Value == 0x02)
  26   1         {
  27   2            LED1_SET(0);
  28   2            LED2_SET(0);
  29   2         }
  30   1         else
  31   1         {
  32   2            LED1_SET(1);
  33   2            LED2_SET(1);
  34   2         }
  35   1         #endif
  36   1         #if 0
                 rom_write(0x01,0x01);
                 Value = rom_read(0x01);
                 if(0x01 == Value)
                 {
                   LED1_SET(0);
                   LED2_SET(0);
                 }
                 else
                 {
                   LED1_SET(1);
                   LED2_SET(1); 
                 }
                 #endif
  50   1      }
  51          
  52          
  53          

C51 COMPILER V9.59.0.0   SYSTEM                                                            12/07/2018 15:38:15 PAGE 2   


MODULE INFORMATION:   STATIC OVERLAYABLE
   CODE SIZE        =     72    ----
   CONSTANT SIZE    =   ----    ----
   XDATA SIZE       =   ----    ----
   PDATA SIZE       =   ----    ----
   DATA SIZE        =     17    ----
   IDATA SIZE       =   ----    ----
   BIT SIZE         =   ----    ----
END OF MODULE INFORMATION.


C51 COMPILATION COMPLETE.  0 WARNING(S),  0 ERROR(S)
