C51 COMPILER V9.59.0.0   TIMEOUT                                                           12/07/2018 14:13:29 PAGE 1   


C51 COMPILER V9.59.0.0, COMPILATION OF MODULE TIMEOUT
OBJECT MODULE PLACED IN .\Objects\TimeOut.obj
COMPILER INVOKED BY: E:\MDK\C51\BIN\C51.EXE ..\TimeOut\TimeOut.c OPTIMIZE(8,SPEED) BROWSE INCDIR(..\bsp;..\lib;..\TimeOu
                    -t;..\user) DEBUG OBJECTEXTEND PRINT(.\Listings\TimeOut.lst) OBJECT(.\Objects\TimeOut.obj)

line level    source

   1          #include "TimeOut.h"
   2          
   3          
   4          volatile clock_time_t InsBaseNum=0;
   5          
   6          void TimeOutDet_Init(void)
   7          {
   8   1              InsBaseNum=0;
   9   1      }
  10          
  11          
  12          void TimeOutDet_DecHandle(void)
  13          {
  14   1              InsBaseNum++;
  15   1      }
  16          
  17          clock_time_t TimeOut_BaseValue(void)
  18          {
  19   1              return InsBaseNum;
  20   1      }
  21          
  22          
  23          void TimeOut_Record(TIMEOUT_PARA * TimeOutPara,clock_time_t timeoutvalue)
  24          
  25          {
  26   1              TimeOutPara->RecordValue=TimeOut_BaseValue();
  27   1              TimeOutPara->timeoutcnt=timeoutvalue;
  28   1      }
  29          
  30          /*
  31          void TimeOut_restart(TIMEOUT_PARA *TimeOutPara)
  32          {       
  33                  TimeOutPara->RecordValue = TimeOut_BaseValue();
  34          }
  35          */
  36          clock_time_t TimeOutDet_Check(TIMEOUT_PARA * TimeOutPara)
  37          {
  38   1              return (((clock_time_t)(InsBaseNum-TimeOutPara->RecordValue)>=TimeOutPara->timeoutcnt)?1:0);
  39   1      }
  40          
  41          


MODULE INFORMATION:   STATIC OVERLAYABLE
   CODE SIZE        =    121    ----
   CONSTANT SIZE    =   ----    ----
   XDATA SIZE       =   ----    ----
   PDATA SIZE       =   ----    ----
   DATA SIZE        =      4       7
   IDATA SIZE       =   ----    ----
   BIT SIZE         =   ----    ----
END OF MODULE INFORMATION.


C51 COMPILATION COMPLETE.  0 WARNING(S),  0 ERROR(S)
